//st.prntscr.com/2021/04/08/1538/img/0_173a7b_211be8ff.png
//st.prntscr.com/2021/04/08/1538/img/0_173a7b_211be8ff.png
https://i.imgur.com/XnL1IHC.png
https://i.imgur.com/1o1QPcd.png
https://i.imgur.com/RWtSYxU.png
https://i.imgur.com/ViVm8aK.png
https://i.imgur.com/OuDZTzD.png
https://i.imgur.com/ppYsw1g.png
https://i.imgur.com/hZXwDSx.png
https://i.imgur.com/UPXEGnB.png
https://i.imgur.com/5Bf2rpD.png
https://i.imgur.com/mfQKpZf.png
https://i.imgur.com/9J7NtY2.png
https://i.imgur.com/9vFi4vp.png
https://i.imgur.com/Mk55jNv.png
https://i.imgur.com/kvNP22h.png
https://i.imgur.com/ecHkATO.jpg
https://i.imgur.com/OAmHjKU.png
https://i.imgur.com/ZUji2QW.png
https://i.imgur.com/migLmJj.png
https://i.imgur.com/qnz28G5.png
https://i.imgur.com/pNsFK8O.png
https://i.imgur.com/T8eoKQA.png
https://i.imgur.com/nBgrMs7.png
https://i.imgur.com/lDPKsWl.png
https://i.imgur.com/VzFlg2j.jpg
//st.prntscr.com/2021/04/08/1538/img/0_173a7b_211be8ff.png
https://i.imgur.com/dqSA5Hd.png
https://i.imgur.com/HQbUd77.png
https://i.imgur.com/W7Roxc9.png
https://i.imgur.com/MWJv1Wx.png
https://i.imgur.com/aUib8XU.png
https://i.imgur.com/vNHmasi.png
//st.prntscr.com/2021/04/08/1538/img/0_173a7b_211be8ff.png
https://i.imgur.com/hjGEFJp.png
https://i.imgur.com/kkM4fJD.png
https://i.imgur.com/SWBMF3p.png
https://i.imgur.com/zE7arjw.png
https://i.imgur.com/OpuB6xM.png
https://i.imgur.com/PK8He5s.png
https://i.imgur.com/udP0xv7.png
https://i.imgur.com/UqAuPgM.jpg
https://i.imgur.com/hxrnIc7.png
https://i.imgur.com/YLltxTN.png
//st.prntscr.com/2021/04/08/1538/img/0_173a7b_211be8ff.png
https://i.imgur.com/eLeMFG9.png
https://i.imgur.com/Ic8plac.png
https://i.imgur.com/19Tdrr2.png
https://i.imgur.com/zl4m3O2.png
https://i.imgur.com/N4OPA4c.png
https://i.imgur.com/8gYVE9f.png
https://i.imgur.com/NW2n3xD.png
https://i.imgur.com/WIhjlla.png
https://i.imgur.com/xOkQZqf.png
https://i.imgur.com/NwGA60Q.png
https://i.imgur.com/4q4Nkcs.png
https://i.imgur.com/plZd6wK.png
https://i.imgur.com/zWYjBNw.png
https://i.imgur.com/2Ghhnr4.jpg
https://i.imgur.com/THrTMkH.png
https://i.imgur.com/XowU5TX.png
https://i.imgur.com/WCUjLjC.png
https://i.imgur.com/7nDxv4k.png
https://i.imgur.com/eAUvCZr.png
https://image.prntscr.com/image/laSbYx9.png
https://i.imgur.com/XjpYhav.jpg
https://i.imgur.com/lzNrke3.png
https://i.imgur.com/feXDSbb.png
https://i.imgur.com/Cw4afJp.png
https://i.imgur.com/DOs06ys.png
https://i.imgur.com/pM1EyVO.png
https://i.imgur.com/gcFe9ti.png
https://i.imgur.com/svoOgx6.png
https://i.imgur.com/8qRC3q3.png
https://i.imgur.com/0V7bcBH.png
https://i.imgur.com/LbpVKpU.png
//st.prntscr.com/2021/04/08/1538/img/0_173a7b_211be8ff.png
https://i.imgur.com/bA4mT8o.png
https://i.imgur.com/mTRbb7f.png
https://i.imgur.com/7Aw8nli.png
https://i.imgur.com/sO3OimH.png
//st.prntscr.com/2021/04/08/1538/img/0_173a7b_211be8ff.png
https://i.imgur.com/kpGoEdD.png
https://i.imgur.com/GGxTXB1.png
https://i.imgur.com/EQh5iHg.jpg
https://i.imgur.com/bkAxqIv.png
https://i.imgur.com/kImxDRv.png
https://i.imgur.com/3EVifFc.png
https://i.imgur.com/66tZkTF.png
//st.prntscr.com/2021/04/08/1538/img/0_173a7b_211be8ff.png
https://i.imgur.com/QSt1PjR.png
https://i.imgur.com/ZmwVfPw.jpg
https://i.imgur.com/E3mTpY8.png
https://i.imgur.com/vio6B1N.png
https://i.imgur.com/rrIpHET.png
https://i.imgur.com/XzY2q7I.png
https://i.imgur.com/GulVCyu.png
https://i.imgur.com/Yf2vTlL.png
https://i.imgur.com/S3PQF0Z.png
https://i.imgur.com/Hhy6CzC.png
https://i.imgur.com/vlx7vlA.png
https://i.imgur.com/JKtSDsQ.png
https://i.imgur.com/gEuhuHI.png
https://i.imgur.com/F5vslec.png
https://i.imgur.com/9JPAMoZ.jpg
https://i.imgur.com/pFstHwD.jpg
https://i.imgur.com/o5SutQO.png
//st.prntscr.com/2021/04/08/1538/img/0_173a7b_211be8ff.png
https://i.imgur.com/AIH2P7w.png
https://i.imgur.com/Ae2phaV.png
https://i.imgur.com/KZCtMtZ.png
https://i.imgur.com/3mJhGOn.png
https://i.imgur.com/4goCQKj.png
https://i.imgur.com/sXZOlOe.png
https://i.imgur.com/Ls45d13.png
https://i.imgur.com/4MSABhA.png
https://i.imgur.com/6q071fD.png
https://i.imgur.com/Tm5el77.png
https://i.imgur.com/tk0rGfj.png
https://i.imgur.com/TEbCD2J.png
https://i.imgur.com/VR2UUdY.png
https://i.imgur.com/x0QFwE7.png
https://i.imgur.com/J1Mk9u3.png
https://i.imgur.com/8FfMyAs.png
https://i.imgur.com/jhjQo66.jpg
https://i.imgur.com/FWBrJB0.png
https://i.imgur.com/5MEXqxl.png
https://i.imgur.com/W0xBBMn.png
https://i.imgur.com/jzIc1Jv.png
https://i.imgur.com/gyWZ6kU.png
https://i.imgur.com/qohAa72.png
https://i.imgur.com/cwezBC7.png
https://i.imgur.com/L4KSZbo.png
https://i.imgur.com/rSD5t7I.png
https://i.imgur.com/p747bcU.png
https://i.imgur.com/GKzuKyt.png
https://i.imgur.com/AxbdKXa.png
https://i.imgur.com/wDfknRC.png
https://image.prntscr.com/image/2MY3B1u.jpg
https://i.imgur.com/cqDOza9.png
https://i.imgur.com/ajNFRZE.png
https://i.imgur.com/QExRRMn.png
https://i.imgur.com/K00wHQv.png
https://i.imgur.com/QsqufDp.png
https://i.imgur.com/oy8zmBs.png
https://i.imgur.com/crkUOKE.png
https://i.imgur.com/M8Tyr35.png
https://i.imgur.com/qwaIcKD.jpg
https://i.imgur.com/LlE9b3C.png
https://i.imgur.com/2UktfdY.png
https://i.imgur.com/kNrxElw.png
https://i.imgur.com/PSbWfIl.png
https://i.imgur.com/0FxY8Fm.png
https://i.imgur.com/ji6VlIx.png
https://i.imgur.com/Njn8Nxe.jpg
//st.prntscr.com/2021/04/08/1538/img/0_173a7b_211be8ff.png
https://i.imgur.com/fmkckHK.png
https://i.imgur.com/beKufrn.png
https://i.imgur.com/O1ZCwe1.png
https://i.imgur.com/8PJ1mzH.png
https://i.imgur.com/7LWQSWM.png
https://i.imgur.com/koPAP7r.jpg
https://i.imgur.com/2GpOid0.png
https://i.imgur.com/Sb2vIXr.png
https://i.imgur.com/htCtNwe.png
https://i.imgur.com/sJwpOIQ.png
https://i.imgur.com/w7VfmnQ.png
https://i.imgur.com/SX9kKpq.png
//st.prntscr.com/2021/04/08/1538/img/0_173a7b_211be8ff.png
https://i.imgur.com/sdxRe3C.png
https://i.imgur.com/9AmLLZ9.png
https://i.imgur.com/OpTnORW.png
https://i.imgur.com/BcxnjgZ.png
https://i.imgur.com/WOzT7li.png
https://i.imgur.com/nWNKSsK.png
https://i.imgur.com/Y7bj9MD.png
https://i.imgur.com/wqT9AUX.png
https://i.imgur.com/PVjp2qE.png
https://i.imgur.com/yFUZ5X0.png
https://i.imgur.com/tzkGqSm.png
https://i.imgur.com/IB9aKzZ.jpg
https://i.imgur.com/X5N7mwc.png
https://i.imgur.com/nMHVd3K.png
https://i.imgur.com/4bpFvBw.png
https://i.imgur.com/PvzfShU.png
https://i.imgur.com/y410xk6.png
https://i.imgur.com/MNeKl4y.png
https://i.imgur.com/HBfR2fc.png
https://i.imgur.com/TeusugM.png
https://i.imgur.com/YeXG0GD.png
https://i.imgur.com/NQ4QKOf.png
https://i.imgur.com/3IQn2Na.png
https://i.imgur.com/QZ081Cs.png
https://i.imgur.com/qBnZR6m.png
https://i.imgur.com/2ozwqJs.png
